c:\users\hp\desktop\dane\desktop\3semestr\progobiektowe\cw6\cw6\cw6\x64\debug\vc143.pdb
c:\users\hp\desktop\dane\desktop\3semestr\progobiektowe\cw6\cw6\cw6\x64\debug\vc143.idb
c:\users\hp\desktop\dane\desktop\3semestr\progobiektowe\cw6\cw6\cw6\x64\debug\worker.obj
c:\users\hp\desktop\dane\desktop\3semestr\progobiektowe\cw6\cw6\cw6\x64\debug\teacher.obj
c:\users\hp\desktop\dane\desktop\3semestr\progobiektowe\cw6\cw6\cw6\x64\debug\schoolgirl.obj
c:\users\hp\desktop\dane\desktop\3semestr\progobiektowe\cw6\cw6\cw6\x64\debug\schoolboy.obj
c:\users\hp\desktop\dane\desktop\3semestr\progobiektowe\cw6\cw6\cw6\x64\debug\pupil.obj
c:\users\hp\desktop\dane\desktop\3semestr\progobiektowe\cw6\cw6\cw6\x64\debug\cw6.obj
c:\users\hp\desktop\dane\desktop\3semestr\progobiektowe\cw6\cw6\cw6\x64\debug\person.obj
c:\users\hp\desktop\dane\desktop\3semestr\progobiektowe\cw6\cw6\cw6\x64\debug\admin.obj
c:\users\hp\desktop\dane\desktop\3semestr\progobiektowe\cw6\cw6\x64\debug\cw6.exe
c:\users\hp\desktop\dane\desktop\3semestr\progobiektowe\cw6\cw6\x64\debug\cw6.pdb
c:\users\hp\desktop\dane\desktop\3semestr\progobiektowe\cw6\cw6\cw6\x64\debug\cw6.ilk
c:\users\hp\desktop\dane\desktop\3semestr\progobiektowe\cw6\cw6\cw6\x64\debug\teacher.obj.enc
c:\users\hp\desktop\dane\desktop\3semestr\progobiektowe\cw6\cw6\cw6\x64\debug\cw6.tlog\cl.command.1.tlog
c:\users\hp\desktop\dane\desktop\3semestr\progobiektowe\cw6\cw6\cw6\x64\debug\cw6.tlog\cl.items.tlog
c:\users\hp\desktop\dane\desktop\3semestr\progobiektowe\cw6\cw6\cw6\x64\debug\cw6.tlog\cl.read.1.tlog
c:\users\hp\desktop\dane\desktop\3semestr\progobiektowe\cw6\cw6\cw6\x64\debug\cw6.tlog\cl.write.1.tlog
c:\users\hp\desktop\dane\desktop\3semestr\progobiektowe\cw6\cw6\cw6\x64\debug\cw6.tlog\link.command.1.tlog
c:\users\hp\desktop\dane\desktop\3semestr\progobiektowe\cw6\cw6\cw6\x64\debug\cw6.tlog\link.read.1.tlog
c:\users\hp\desktop\dane\desktop\3semestr\progobiektowe\cw6\cw6\cw6\x64\debug\cw6.tlog\link.secondary.1.tlog
c:\users\hp\desktop\dane\desktop\3semestr\progobiektowe\cw6\cw6\cw6\x64\debug\cw6.tlog\link.write.1.tlog
